<?xml version="1.0" encoding="UTF-8"?>
<testsuite xmlns:xsi="http://www.w3.org/2001/XMLSchema-instance" xsi:noNamespaceSchemaLocation="https://maven.apache.org/surefire/maven-failsafe-plugin/xsd/failsafe-test-report.xsd" version="3.0.2" name="org.wildfly.cadastroInfotera17.GettingStartedApplicationIT" time="0.199" tests="1" errors="0" skipped="0" failures="1">
  <properties>
    <property name="java.specification.version" value="21"/>
    <property name="sun.jnu.encoding" value="UTF-8"/>
    <property name="sun.arch.data.model" value="64"/>
    <property name="java.vendor.url" value="https://ubuntu.com/"/>
    <property name="env.SNAP_LIBRARY_PATH" value="/var/lib/snapd/lib/gl:/var/lib/snapd/lib/gl32:/var/lib/snapd/void"/>
    <property name="env.GNOME_SETUP_DISPLAY" value=":1"/>
    <property name="env.DEBUGINFOD_URLS" value="https://debuginfod.ubuntu.com "/>
    <property name="sun.boot.library.path" value="/usr/lib/jvm/java-21-openjdk-amd64/lib"/>
    <property name="sun.java.command" value="/home/vinicius/IdeaProjects/cadastro-InfoTera17/getting-started/target/surefire/surefirebooter-20241227043330354_3.jar /home/vinicius/IdeaProjects/cadastro-InfoTera17/getting-started/target/surefire 2024-12-27T04-33-30_320-jvmRun1 surefire-20241227043330354_1tmp surefire_0-20241227043330354_2tmp"/>
    <property name="env.SNAP_INSTANCE_NAME" value="intellij-idea-community"/>
    <property name="env.MEMORY_PRESSURE_WRITE" value="c29tZSAyMDAwMDAgMjAwMDAwMAA="/>
    <property name="jdk.debug" value="release"/>
    <property name="java.specification.vendor" value="Oracle Corporation"/>
    <property name="env.GIO_LAUNCHED_DESKTOP_FILE" value="/var/lib/snapd/desktop/applications/intellij-idea-community_intellij-idea-community.desktop"/>
    <property name="env.SNAP_ARCH" value="amd64"/>
    <property name="java.version.date" value="2024-10-15"/>
    <property name="java.home" value="/usr/lib/jvm/java-21-openjdk-amd64"/>
    <property name="env.GDMSESSION" value="ubuntu"/>
    <property name="env.SNAP_INSTANCE_KEY" value=""/>
    <property name="file.separator" value="/"/>
    <property name="basedir" value="/home/vinicius/IdeaProjects/cadastro-InfoTera17/getting-started"/>
    <property name="java.vm.compressedOopsMode" value="Zero based"/>
    <property name="line.separator" value="&#10;"/>
    <property name="java.vm.specification.vendor" value="Oracle Corporation"/>
    <property name="java.specification.name" value="Java Platform API Specification"/>
    <property name="env.MANAGERPID" value="2234"/>
    <property name="env.SNAP_REAL_HOME" value="/home/vinicius"/>
    <property name="env.GNOME_DESKTOP_SESSION_ID" value="this-is-deprecated"/>
    <property name="env.SNAP_UID" value="1000"/>
    <property name="env.GJS_DEBUG_OUTPUT" value="stderr"/>
    <property name="sun.management.compiler" value="HotSpot 64-Bit Tiered Compilers"/>
    <property name="java.runtime.version" value="21.0.5+11-Ubuntu-1ubuntu124.04"/>
    <property name="user.name" value="vinicius"/>
    <property name="env.PATH" value="/usr/local/sbin:/usr/local/bin:/usr/sbin:/usr/bin:/sbin:/bin:/usr/games:/usr/local/games:/snap/bin:/snap/bin"/>
    <property name="env.SNAP_COOKIE" value="PrVlMo_jo9-BggEhY2xKPMVpSLZGdRbWXxmhM3S2WR7AkGq8jbZq"/>
    <property name="env.LOGNAME" value="vinicius"/>
    <property name="file.encoding" value="UTF-8"/>
    <property name="env.XDG_ACTIVATION_TOKEN" value="gnome-shell/IntelliJ IDEA Community Edition/2538-8-Machn00_TIME22728332"/>
    <property name="env._" value="/usr/bin/gnome-session"/>
    <property name="env.XDG_SESSION_DESKTOP" value="ubuntu"/>
    <property name="env.SHLVL" value="0"/>
    <property name="localRepository" value="/home/vinicius/.m2/repository"/>
    <property name="java.io.tmpdir" value="/tmp"/>
    <property name="env.GSM_SKIP_SSH_AGENT_WORKAROUND" value="true"/>
    <property name="idea.version" value="2024.3.1"/>
    <property name="java.version" value="21.0.5"/>
    <property name="env.SNAP_REEXEC" value=""/>
    <property name="env.SNAP_USER_DATA" value="/home/vinicius/snap/intellij-idea-community/560"/>
    <property name="env.SSH_AUTH_SOCK" value="/run/user/1000/keyring/ssh"/>
    <property name="env.XDG_RUNTIME_DIR" value="/run/user/1000"/>
    <property name="java.vm.specification.name" value="Java Virtual Machine Specification"/>
    <property name="env.XMODIFIERS" value="@im=ibus"/>
    <property name="env.SNAP_USER_COMMON" value="/home/vinicius/snap/intellij-idea-community/common"/>
    <property name="native.encoding" value="UTF-8"/>
    <property name="java.library.path" value="/usr/java/packages/lib:/usr/lib/x86_64-linux-gnu/jni:/lib/x86_64-linux-gnu:/usr/lib/x86_64-linux-gnu:/usr/lib/jni:/lib:/usr/lib"/>
    <property name="stderr.encoding" value="UTF-8"/>
    <property name="java.vendor" value="Ubuntu"/>
    <property name="env.XDG_SESSION_TYPE" value="wayland"/>
    <property name="env.IM_CONFIG_PHASE" value="1"/>
    <property name="sun.io.unicode.encoding" value="UnicodeLittle"/>
    <property name="env.XDG_SESSION_CLASS" value="user"/>
    <property name="env.XAUTHORITY" value="/run/user/1000/.mutter-Xwaylandauth.UKOVY2"/>
    <property name="env.OLDPWD" value="/home/vinicius/IdeaProjects/cadastro-InfoTera17/getting-started"/>
    <property name="env.PWD" value="/home/vinicius/IdeaProjects/cadastro-InfoTera17/getting-started"/>
    <property name="env.SESSION_MANAGER" value="local/Machn00:@/tmp/.ICE-unix/2486,unix/Machn00:/tmp/.ICE-unix/2486"/>
    <property name="env.LANG" value="pt_BR.UTF-8"/>
    <property name="env.SNAP_CONTEXT" value="PrVlMo_jo9-BggEhY2xKPMVpSLZGdRbWXxmhM3S2WR7AkGq8jbZq"/>
    <property name="java.class.path" value="/home/vinicius/IdeaProjects/cadastro-InfoTera17/getting-started/target/test-classes:/home/vinicius/IdeaProjects/cadastro-InfoTera17/getting-started/target/classes:/home/vinicius/.m2/repository/jakarta/enterprise/jakarta.enterprise.cdi-api/4.0.1/jakarta.enterprise.cdi-api-4.0.1.jar:/home/vinicius/.m2/repository/jakarta/enterprise/jakarta.enterprise.lang-model/4.0.1/jakarta.enterprise.lang-model-4.0.1.jar:/home/vinicius/.m2/repository/jakarta/annotation/jakarta.annotation-api/2.1.1/jakarta.annotation-api-2.1.1.jar:/home/vinicius/.m2/repository/jakarta/el/jakarta.el-api/5.0.0/jakarta.el-api-5.0.0.jar:/home/vinicius/.m2/repository/jakarta/interceptor/jakarta.interceptor-api/2.1.0/jakarta.interceptor-api-2.1.0.jar:/home/vinicius/.m2/repository/jakarta/ws/rs/jakarta.ws.rs-api/3.1.0/jakarta.ws.rs-api-3.1.0.jar:/home/vinicius/.m2/repository/org/junit/jupiter/junit-jupiter/5.10.1/junit-jupiter-5.10.1.jar:/home/vinicius/.m2/repository/org/junit/jupiter/junit-jupiter-api/5.10.1/junit-jupiter-api-5.10.1.jar:/home/vinicius/.m2/repository/org/opentest4j/opentest4j/1.3.0/opentest4j-1.3.0.jar:/home/vinicius/.m2/repository/org/junit/platform/junit-platform-commons/1.10.1/junit-platform-commons-1.10.1.jar:/home/vinicius/.m2/repository/org/apiguardian/apiguardian-api/1.1.2/apiguardian-api-1.1.2.jar:/home/vinicius/.m2/repository/org/junit/jupiter/junit-jupiter-params/5.10.1/junit-jupiter-params-5.10.1.jar:/home/vinicius/.m2/repository/org/junit/jupiter/junit-jupiter-engine/5.10.1/junit-jupiter-engine-5.10.1.jar:/home/vinicius/.m2/repository/org/junit/platform/junit-platform-engine/1.10.1/junit-platform-engine-1.10.1.jar:/home/vinicius/.m2/repository/org/jboss/arquillian/junit5/arquillian-junit5-container/1.9.1.Final/arquillian-junit5-container-1.9.1.Final.jar:/home/vinicius/.m2/repository/org/jboss/arquillian/test/arquillian-test-api/1.9.1.Final/arquillian-test-api-1.9.1.Final.jar:/home/vinicius/.m2/repository/org/jboss/arquillian/test/arquillian-test-spi/1.9.1.Final/arquillian-test-spi-1.9.1.Final.jar:/home/vinicius/.m2/repository/org/jboss/arquillian/core/arquillian-core-spi/1.9.1.Final/arquillian-core-spi-1.9.1.Final.jar:/home/vinicius/.m2/repository/org/jboss/arquillian/container/arquillian-container-test-api/1.9.1.Final/arquillian-container-test-api-1.9.1.Final.jar:/home/vinicius/.m2/repository/org/jboss/shrinkwrap/shrinkwrap-api/1.2.6/shrinkwrap-api-1.2.6.jar:/home/vinicius/.m2/repository/org/jboss/shrinkwrap/descriptors/shrinkwrap-descriptors-api-base/2.0.0/shrinkwrap-descriptors-api-base-2.0.0.jar:/home/vinicius/.m2/repository/org/jboss/arquillian/container/arquillian-container-test-spi/1.9.1.Final/arquillian-container-test-spi-1.9.1.Final.jar:/home/vinicius/.m2/repository/org/jboss/arquillian/core/arquillian-core-impl-base/1.9.1.Final/arquillian-core-impl-base-1.9.1.Final.jar:/home/vinicius/.m2/repository/org/jboss/arquillian/test/arquillian-test-impl-base/1.9.1.Final/arquillian-test-impl-base-1.9.1.Final.jar:/home/vinicius/.m2/repository/org/jboss/arquillian/container/arquillian-container-impl-base/1.9.1.Final/arquillian-container-impl-base-1.9.1.Final.jar:/home/vinicius/.m2/repository/org/jboss/arquillian/config/arquillian-config-api/1.9.1.Final/arquillian-config-api-1.9.1.Final.jar:/home/vinicius/.m2/repository/org/jboss/arquillian/config/arquillian-config-impl-base/1.9.1.Final/arquillian-config-impl-base-1.9.1.Final.jar:/home/vinicius/.m2/repository/org/jboss/arquillian/config/arquillian-config-spi/1.9.1.Final/arquillian-config-spi-1.9.1.Final.jar:/home/vinicius/.m2/repository/org/jboss/arquillian/container/arquillian-container-test-impl-base/1.9.1.Final/arquillian-container-test-impl-base-1.9.1.Final.jar:/home/vinicius/.m2/repository/org/jboss/arquillian/junit5/arquillian-junit5-core/1.9.1.Final/arquillian-junit5-core-1.9.1.Final.jar:/home/vinicius/.m2/repository/org/jboss/shrinkwrap/shrinkwrap-impl-base/1.2.6/shrinkwrap-impl-base-1.2.6.jar:/home/vinicius/.m2/repository/org/jboss/shrinkwrap/shrinkwrap-spi/1.2.6/shrinkwrap-spi-1.2.6.jar:/home/vinicius/.m2/repository/org/jboss/arquillian/protocol/arquillian-protocol-servlet-jakarta/10.0.0.Final/arquillian-protocol-servlet-jakarta-10.0.0.Final.jar:/home/vinicius/.m2/repository/org/jboss/arquillian/container/arquillian-container-spi/1.9.0.Final/arquillian-container-spi-1.9.0.Final.jar:/home/vinicius/.m2/repository/org/jboss/shrinkwrap/descriptors/shrinkwrap-descriptors-spi/2.0.0/shrinkwrap-descriptors-spi-2.0.0.jar:/home/vinicius/.m2/repository/org/wildfly/arquillian/wildfly-arquillian-container-managed/5.1.0.Beta6/wildfly-arquillian-container-managed-5.1.0.Beta6.jar:/home/vinicius/.m2/repository/org/wildfly/arquillian/wildfly-arquillian-common/5.1.0.Beta6/wildfly-arquillian-common-5.1.0.Beta6.jar:/home/vinicius/.m2/repository/org/jboss/arquillian/testenricher/arquillian-testenricher-cdi-jakarta/10.0.0.Final/arquillian-testenricher-cdi-jakarta-10.0.0.Final.jar:/home/vinicius/.m2/repository/org/jboss/arquillian/testenricher/arquillian-testenricher-ejb-jakarta/10.0.0.Final/arquillian-testenricher-ejb-jakarta-10.0.0.Final.jar:/home/vinicius/.m2/repository/org/jboss/arquillian/testenricher/arquillian-testenricher-initialcontext/1.9.1.Final/arquillian-testenricher-initialcontext-1.9.1.Final.jar:/home/vinicius/.m2/repository/org/jboss/arquillian/testenricher/arquillian-testenricher-resource-jakarta/10.0.0.Final/arquillian-testenricher-resource-jakarta-10.0.0.Final.jar:/home/vinicius/.m2/repository/org/wildfly/arquillian/wildfly-arquillian-testenricher-msc/5.1.0.Beta6/wildfly-arquillian-testenricher-msc-5.1.0.Beta6.jar:/home/vinicius/.m2/repository/org/jboss/msc/jboss-msc/1.5.5.Final/jboss-msc-1.5.5.Final.jar:/home/vinicius/.m2/repository/org/wildfly/core/wildfly-server/25.0.2.Final/wildfly-server-25.0.2.Final.jar:/home/vinicius/.m2/repository/org/wildfly/core/wildfly-controller/25.0.2.Final/wildfly-controller-25.0.2.Final.jar:/home/vinicius/.m2/repository/org/wildfly/core/wildfly-core-security/25.0.2.Final/wildfly-core-security-25.0.2.Final.jar:/home/vinicius/.m2/repository/org/wildfly/security/wildfly-elytron-credential-source-impl/2.6.0.Final/wildfly-elytron-credential-source-impl-2.6.0.Final.jar:/home/vinicius/.m2/repository/org/wildfly/security/wildfly-elytron-password-impl/2.6.0.Final/wildfly-elytron-password-impl-2.6.0.Final.jar:/home/vinicius/.m2/repository/org/wildfly/security/wildfly-elytron-x500-cert-acme/2.6.0.Final/wildfly-elytron-x500-cert-acme-2.6.0.Final.jar:/home/vinicius/.m2/repository/org/wildfly/security/wildfly-elytron-x500-cert/2.6.0.Final/wildfly-elytron-x500-cert-2.6.0.Final.jar:/home/vinicius/.m2/repository/org/wildfly/security/wildfly-elytron-x500-cert-util/2.6.0.Final/wildfly-elytron-x500-cert-util-2.6.0.Final.jar:/home/vinicius/.m2/repository/org/wildfly/core/wildfly-service/26.0.1.Final/wildfly-service-26.0.1.Final.jar:/home/vinicius/.m2/repository/org/jboss/logmanager/jboss-logmanager/2.1.19.Final/jboss-logmanager-2.1.19.Final.jar:/home/vinicius/.m2/repository/org/jboss/staxmapper/1.5.0.Final/staxmapper-1.5.0.Final.jar:/home/vinicius/.m2/repository/org/projectodd/vdx/vdx-wildfly/1.1.6/vdx-wildfly-1.1.6.jar:/home/vinicius/.m2/repository/org/projectodd/vdx/vdx-core/1.1.6/vdx-core-1.1.6.jar:/home/vinicius/.m2/repository/org/yaml/snakeyaml/2.2/snakeyaml-2.2.jar:/home/vinicius/.m2/repository/org/wildfly/core/wildfly-core-management-client/25.0.2.Final/wildfly-core-management-client-25.0.2.Final.jar:/home/vinicius/.m2/repository/org/wildfly/core/wildfly-domain-http-interface/25.0.2.Final/wildfly-domain-http-interface-25.0.2.Final.jar:/home/vinicius/.m2/repository/org/wildfly/core/wildfly-domain-management/25.0.2.Final/wildfly-domain-management-25.0.2.Final.jar:/home/vinicius/.m2/repository/org/wildfly/security/wildfly-elytron-http-util/2.6.0.Final/wildfly-elytron-http-util-2.6.0.Final.jar:/home/vinicius/.m2/repository/org/wildfly/security/wildfly-elytron-sasl-digest/2.6.0.Final/wildfly-elytron-sasl-digest-2.6.0.Final.jar:/home/vinicius/.m2/repository/org/wildfly/security/wildfly-elytron-mechanism-digest/2.6.0.Final/wildfly-elytron-mechanism-digest-2.6.0.Final.jar:/home/vinicius/.m2/repository/org/wildfly/security/wildfly-elytron-http/2.6.0.Final/wildfly-elytron-http-2.6.0.Final.jar:/home/vinicius/.m2/repository/org/wildfly/security/elytron-web/undertow-server/4.1.0.Final/undertow-server-4.1.0.Final.jar:/home/vinicius/.m2/repository/org/wildfly/core/wildfly-deployment-repository/25.0.2.Final/wildfly-deployment-repository-25.0.2.Final.jar:/home/vinicius/.m2/repository/org/wildfly/core/wildfly-platform-mbean/25.0.2.Final/wildfly-platform-mbean-25.0.2.Final.jar:/home/vinicius/.m2/repository/org/wildfly/core/wildfly-process-controller/25.0.2.Final/wildfly-process-controller-25.0.2.Final.jar:/home/vinicius/.m2/repository/org/wildfly/core/wildfly-remoting/25.0.2.Final/wildfly-remoting-25.0.2.Final.jar:/home/vinicius/.m2/repository/org/wildfly/core/wildfly-io-spi/25.0.2.Final/wildfly-io-spi-25.0.2.Final.jar:/home/vinicius/.m2/repository/org/wildfly/security/wildfly-elytron-audit/2.6.0.Final/wildfly-elytron-audit-2.6.0.Final.jar:/home/vinicius/.m2/repository/org/wildfly/security/wildfly-elytron-auth-server-http/2.6.0.Final/wildfly-elytron-auth-server-http-2.6.0.Final.jar:/home/vinicius/.m2/repository/org/wildfly/security/wildfly-elytron-auth-server-sasl/2.6.0.Final/wildfly-elytron-auth-server-sasl-2.6.0.Final.jar:/home/vinicius/.m2/repository/org/wildfly/security/wildfly-elytron-auth-util/2.6.0.Final/wildfly-elytron-auth-util-2.6.0.Final.jar:/home/vinicius/.m2/repository/org/wildfly/core/wildfly-network/25.0.2.Final/wildfly-network-25.0.2.Final.jar:/home/vinicius/.m2/repository/org/wildfly/security/wildfly-elytron-auth-server/2.6.0.Final/wildfly-elytron-auth-server-2.6.0.Final.jar:/home/vinicius/.m2/repository/org/wildfly/security/wildfly-elytron-x500/2.6.0.Final/wildfly-elytron-x500-2.6.0.Final.jar:/home/vinicius/.m2/repository/org/wildfly/security/wildfly-elytron-client/2.6.0.Final/wildfly-elytron-client-2.6.0.Final.jar:/home/vinicius/.m2/repository/org/wildfly/security/wildfly-elytron-credential-store/2.6.0.Final/wildfly-elytron-credential-store-2.6.0.Final.jar:/home/vinicius/.m2/repository/org/wildfly/security/wildfly-elytron-keystore/2.6.0.Final/wildfly-elytron-keystore-2.6.0.Final.jar:/home/vinicius/.m2/repository/org/wildfly/security/wildfly-elytron-mechanism/2.6.0.Final/wildfly-elytron-mechanism-2.6.0.Final.jar:/home/vinicius/.m2/repository/org/wildfly/security/wildfly-elytron-mechanism-gssapi/2.6.0.Final/wildfly-elytron-mechanism-gssapi-2.6.0.Final.jar:/home/vinicius/.m2/repository/org/wildfly/security/wildfly-elytron-provider-util/2.6.0.Final/wildfly-elytron-provider-util-2.6.0.Final.jar:/home/vinicius/.m2/repository/org/wildfly/security/wildfly-elytron-ssh-util/2.6.0.Final/wildfly-elytron-ssh-util-2.6.0.Final.jar:/home/vinicius/.m2/repository/org/wildfly/security/wildfly-elytron-credential/2.6.0.Final/wildfly-elytron-credential-2.6.0.Final.jar:/home/vinicius/.m2/repository/org/wildfly/security/wildfly-elytron-asn1/2.6.0.Final/wildfly-elytron-asn1-2.6.0.Final.jar:/home/vinicius/.m2/repository/org/wildfly/security/wildfly-elytron-security-manager-action/2.6.0.Final/wildfly-elytron-security-manager-action-2.6.0.Final.jar:/home/vinicius/.m2/repository/org/wildfly/core/wildfly-version/25.0.2.Final/wildfly-version-25.0.2.Final.jar:/home/vinicius/.m2/repository/org/jboss/classfilewriter/jboss-classfilewriter/1.3.1.Final/jboss-classfilewriter-1.3.1.Final.jar:/home/vinicius/.m2/repository/org/jboss/invocation/jboss-invocation/2.0.1.Final/jboss-invocation-2.0.1.Final.jar:/home/vinicius/.m2/repository/org/jboss/modules/jboss-modules/2.1.5.Final/jboss-modules-2.1.5.Final.jar:/home/vinicius/.m2/repository/org/jboss/remoting/jboss-remoting/5.0.29.Final/jboss-remoting-5.0.29.Final.jar:/home/vinicius/.m2/repository/org/wildfly/security/wildfly-elytron-sasl-auth-util/2.6.0.Final/wildfly-elytron-sasl-auth-util-2.6.0.Final.jar:/home/vinicius/.m2/repository/org/jboss/stdio/jboss-stdio/1.1.0.Final/jboss-stdio-1.1.0.Final.jar:/home/vinicius/.m2/repository/org/jboss/jboss-vfs/3.3.2.Final/jboss-vfs-3.3.2.Final.jar:/home/vinicius/.m2/repository/io/undertow/undertow-core/2.3.18.Final/undertow-core-2.3.18.Final.jar:/home/vinicius/.m2/repository/org/eclipse/jgit/org.eclipse.jgit.ssh.apache/6.8.0.202311291450-r/org.eclipse.jgit.ssh.apache-6.8.0.202311291450-r.jar:/home/vinicius/.m2/repository/org/eclipse/jgit/org.eclipse.jgit/6.8.0.202311291450-r/org.eclipse.jgit-6.8.0.202311291450-r.jar:/home/vinicius/.m2/repository/com/googlecode/javaewah/JavaEWAH/1.2.3/JavaEWAH-1.2.3.jar:/home/vinicius/.m2/repository/org/apache/sshd/sshd-common/2.13.2/sshd-common-2.13.2.jar:/home/vinicius/.m2/repository/org/slf4j/slf4j-api/2.0.16/slf4j-api-2.0.16.jar:/home/vinicius/.m2/repository/org/apache/sshd/sshd-core/2.12.1/sshd-core-2.12.1.jar:/home/vinicius/.m2/repository/org/wildfly/core/wildfly-controller-client/25.0.2.Final/wildfly-controller-client-25.0.2.Final.jar:/home/vinicius/.m2/repository/org/wildfly/core/wildfly-protocol/25.0.2.Final/wildfly-protocol-25.0.2.Final.jar:/home/vinicius/.m2/repository/org/wildfly/security/wildfly-elytron-auth-server-deprecated/2.6.0.Final/wildfly-elytron-auth-server-deprecated-2.6.0.Final.jar:/home/vinicius/.m2/repository/org/wildfly/security/wildfly-elytron-permission/2.6.0.Final/wildfly-elytron-permission-2.6.0.Final.jar:/home/vinicius/.m2/repository/org/wildfly/security/wildfly-elytron-sasl/2.6.0.Final/wildfly-elytron-sasl-2.6.0.Final.jar:/home/vinicius/.m2/repository/org/wildfly/security/wildfly-elytron-ssl/2.6.0.Final/wildfly-elytron-ssl-2.6.0.Final.jar:/home/vinicius/.m2/repository/org/wildfly/security/wildfly-elytron-sasl-anonymous/2.6.0.Final/wildfly-elytron-sasl-anonymous-2.6.0.Final.jar:/home/vinicius/.m2/repository/org/wildfly/security/wildfly-elytron-sasl-localuser/2.6.0.Final/wildfly-elytron-sasl-localuser-2.6.0.Final.jar:/home/vinicius/.m2/repository/org/wildfly/security/wildfly-elytron-realm/2.6.0.Final/wildfly-elytron-realm-2.6.0.Final.jar:/home/vinicius/.m2/repository/org/wildfly/security/wildfly-elytron-encryption/2.6.0.Final/wildfly-elytron-encryption-2.6.0.Final.jar:/home/vinicius/.m2/repository/org/jboss/xnio/xnio-api/3.8.16.Final/xnio-api-3.8.16.Final.jar:/home/vinicius/.m2/repository/org/jboss/xnio/xnio-nio/3.8.16.Final/xnio-nio-3.8.16.Final.jar:/home/vinicius/.m2/repository/org/jboss/jboss-dmr/1.7.0.Final/jboss-dmr-1.7.0.Final.jar:/home/vinicius/.m2/repository/org/jboss/threads/jboss-threads/2.4.0.Final/jboss-threads-2.4.0.Final.jar:/home/vinicius/.m2/repository/org/wildfly/security/wildfly-elytron-auth/2.6.0.Final/wildfly-elytron-auth-2.6.0.Final.jar:/home/vinicius/.m2/repository/org/wildfly/security/wildfly-elytron-util/2.6.0.Final/wildfly-elytron-util-2.6.0.Final.jar:/home/vinicius/.m2/repository/org/wildfly/security/wildfly-elytron-base/2.6.0.Final/wildfly-elytron-base-2.6.0.Final.jar:/home/vinicius/.m2/repository/org/wildfly/security/wildfly-elytron-security-manager/2.6.0.Final/wildfly-elytron-security-manager-2.6.0.Final.jar:/home/vinicius/.m2/repository/org/jboss/shrinkwrap/descriptors/shrinkwrap-descriptors-impl-base/2.0.0/shrinkwrap-descriptors-impl-base-2.0.0.jar:/home/vinicius/.m2/repository/org/wildfly/arquillian/wildfly-testing-tools/5.1.0.Beta6/wildfly-testing-tools-5.1.0.Beta6.jar:/home/vinicius/.m2/repository/org/wildfly/plugins/wildfly-plugin-tools/1.2.0.Beta1/wildfly-plugin-tools-1.2.0.Beta1.jar:/home/vinicius/.m2/repository/org/jboss/logging/jboss-logging/3.6.1.Final/jboss-logging-3.6.1.Final.jar:/home/vinicius/.m2/repository/org/jboss/remotingjmx/remoting-jmx/3.1.0.Final/remoting-jmx-3.1.0.Final.jar:/home/vinicius/.m2/repository/org/jboss/marshalling/jboss-marshalling/2.1.1.Final/jboss-marshalling-2.1.1.Final.jar:/home/vinicius/.m2/repository/org/jboss/marshalling/jboss-marshalling-river/2.1.1.Final/jboss-marshalling-river-2.1.1.Final.jar:/home/vinicius/.m2/repository/org/wildfly/client/wildfly-client-config/1.0.1.Final/wildfly-client-config-1.0.1.Final.jar:/home/vinicius/.m2/repository/org/wildfly/common/wildfly-common/1.7.0.Final/wildfly-common-1.7.0.Final.jar:/home/vinicius/.m2/repository/org/wildfly/core/wildfly-launcher/25.0.2.Final/wildfly-launcher-25.0.2.Final.jar:/home/vinicius/.m2/repository/org/jboss/arquillian/core/arquillian-core-api/1.9.1.Final/arquillian-core-api-1.9.1.Final.jar:/home/vinicius/.m2/repository/org/jboss/resteasy/resteasy-client/6.2.11.Final/resteasy-client-6.2.11.Final.jar:/home/vinicius/.m2/repository/org/jboss/resteasy/resteasy-client-api/6.2.11.Final/resteasy-client-api-6.2.11.Final.jar:/home/vinicius/.m2/repository/org/jboss/resteasy/resteasy-core-spi/6.2.11.Final/resteasy-core-spi-6.2.11.Final.jar:/home/vinicius/.m2/repository/jakarta/validation/jakarta.validation-api/3.0.2/jakarta.validation-api-3.0.2.jar:/home/vinicius/.m2/repository/org/jboss/resteasy/resteasy-core/6.2.11.Final/resteasy-core-6.2.11.Final.jar:/home/vinicius/.m2/repository/org/jboss/jandex/2.4.5.Final/jandex-2.4.5.Final.jar:/home/vinicius/.m2/repository/jakarta/activation/jakarta.activation-api/2.1.3/jakarta.activation-api-2.1.3.jar:/home/vinicius/.m2/repository/org/eclipse/angus/angus-activation/2.0.2/angus-activation-2.0.2.jar:/home/vinicius/.m2/repository/com/ibm/async/asyncutil/0.1.0/asyncutil-0.1.0.jar:/home/vinicius/.m2/repository/org/apache/httpcomponents/httpclient/4.5.14/httpclient-4.5.14.jar:/home/vinicius/.m2/repository/org/apache/httpcomponents/httpcore/4.4.16/httpcore-4.4.16.jar:/home/vinicius/.m2/repository/commons-codec/commons-codec/1.17.1/commons-codec-1.17.1.jar:/home/vinicius/.m2/repository/org/reactivestreams/reactive-streams/1.0.4/reactive-streams-1.0.4.jar:/home/vinicius/.m2/repository/org/jboss/logging/commons-logging-jboss-logging/1.0.0.Final/commons-logging-jboss-logging-1.0.0.Final.jar:/home/vinicius/.m2/repository/org/glassfish/javax.faces/2.3.9/javax.faces-2.3.9.jar:/home/vinicius/.m2/repository/org/primefaces/primefaces/12.0.0/primefaces-12.0.0.jar:/home/vinicius/.m2/repository/org/hibernate/orm/hibernate-core/6.6.4.Final/hibernate-core-6.6.4.Final.jar:/home/vinicius/.m2/repository/jakarta/transaction/jakarta.transaction-api/2.0.1/jakarta.transaction-api-2.0.1.jar:/home/vinicius/.m2/repository/org/hibernate/common/hibernate-commons-annotations/7.0.1.Final/hibernate-commons-annotations-7.0.1.Final.jar:/home/vinicius/.m2/repository/io/smallrye/jandex/3.2.2/jandex-3.2.2.jar:/home/vinicius/.m2/repository/com/fasterxml/classmate/1.5.1/classmate-1.5.1.jar:/home/vinicius/.m2/repository/net/bytebuddy/byte-buddy/1.14.18/byte-buddy-1.14.18.jar:/home/vinicius/.m2/repository/jakarta/xml/bind/jakarta.xml.bind-api/4.0.2/jakarta.xml.bind-api-4.0.2.jar:/home/vinicius/.m2/repository/org/glassfish/jaxb/jaxb-runtime/4.0.5/jaxb-runtime-4.0.5.jar:/home/vinicius/.m2/repository/org/glassfish/jaxb/jaxb-core/4.0.5/jaxb-core-4.0.5.jar:/home/vinicius/.m2/repository/org/glassfish/jaxb/txw2/4.0.5/txw2-4.0.5.jar:/home/vinicius/.m2/repository/com/sun/istack/istack-commons-runtime/4.1.2/istack-commons-runtime-4.1.2.jar:/home/vinicius/.m2/repository/org/antlr/antlr4-runtime/4.13.0/antlr4-runtime-4.13.0.jar:/home/vinicius/.m2/repository/jakarta/persistence/jakarta.persistence-api/3.1.0/jakarta.persistence-api-3.1.0.jar:/home/vinicius/.m2/repository/jakarta/inject/jakarta.inject-api/2.0.0/jakarta.inject-api-2.0.0.jar:"/>
    <property name="env.HOME" value="/home/vinicius"/>
    <property name="env.QT_IM_MODULE" value="ibus"/>
    <property name="java.vm.vendor" value="Ubuntu"/>
    <property name="env.XDG_DATA_DIRS" value="/usr/share/ubuntu:/usr/share/gnome:/home/vinicius/.local/share/flatpak/exports/share:/var/lib/flatpak/exports/share:/usr/local/share/:/usr/share/:/var/lib/snapd/desktop"/>
    <property name="user.timezone" value="America/Sao_Paulo"/>
    <property name="java.vm.specification.version" value="21"/>
    <property name="os.name" value="Linux"/>
    <property name="env.DISPLAY" value=":0"/>
    <property name="env.SNAP_EUID" value="1000"/>
    <property name="sun.java.launcher" value="SUN_STANDARD"/>
    <property name="user.country" value="BR"/>
    <property name="env.SNAP_VERSION" value="2024.3.1"/>
    <property name="env.SNAP_REVISION" value="560"/>
    <property name="env.QT_ACCESSIBILITY" value="1"/>
    <property name="surefire.test.class.path" value="/home/vinicius/IdeaProjects/cadastro-InfoTera17/getting-started/target/test-classes:/home/vinicius/IdeaProjects/cadastro-InfoTera17/getting-started/target/classes:/home/vinicius/.m2/repository/jakarta/enterprise/jakarta.enterprise.cdi-api/4.0.1/jakarta.enterprise.cdi-api-4.0.1.jar:/home/vinicius/.m2/repository/jakarta/enterprise/jakarta.enterprise.lang-model/4.0.1/jakarta.enterprise.lang-model-4.0.1.jar:/home/vinicius/.m2/repository/jakarta/annotation/jakarta.annotation-api/2.1.1/jakarta.annotation-api-2.1.1.jar:/home/vinicius/.m2/repository/jakarta/el/jakarta.el-api/5.0.0/jakarta.el-api-5.0.0.jar:/home/vinicius/.m2/repository/jakarta/interceptor/jakarta.interceptor-api/2.1.0/jakarta.interceptor-api-2.1.0.jar:/home/vinicius/.m2/repository/jakarta/ws/rs/jakarta.ws.rs-api/3.1.0/jakarta.ws.rs-api-3.1.0.jar:/home/vinicius/.m2/repository/org/junit/jupiter/junit-jupiter/5.10.1/junit-jupiter-5.10.1.jar:/home/vinicius/.m2/repository/org/junit/jupiter/junit-jupiter-api/5.10.1/junit-jupiter-api-5.10.1.jar:/home/vinicius/.m2/repository/org/opentest4j/opentest4j/1.3.0/opentest4j-1.3.0.jar:/home/vinicius/.m2/repository/org/junit/platform/junit-platform-commons/1.10.1/junit-platform-commons-1.10.1.jar:/home/vinicius/.m2/repository/org/apiguardian/apiguardian-api/1.1.2/apiguardian-api-1.1.2.jar:/home/vinicius/.m2/repository/org/junit/jupiter/junit-jupiter-params/5.10.1/junit-jupiter-params-5.10.1.jar:/home/vinicius/.m2/repository/org/junit/jupiter/junit-jupiter-engine/5.10.1/junit-jupiter-engine-5.10.1.jar:/home/vinicius/.m2/repository/org/junit/platform/junit-platform-engine/1.10.1/junit-platform-engine-1.10.1.jar:/home/vinicius/.m2/repository/org/jboss/arquillian/junit5/arquillian-junit5-container/1.9.1.Final/arquillian-junit5-container-1.9.1.Final.jar:/home/vinicius/.m2/repository/org/jboss/arquillian/test/arquillian-test-api/1.9.1.Final/arquillian-test-api-1.9.1.Final.jar:/home/vinicius/.m2/repository/org/jboss/arquillian/test/arquillian-test-spi/1.9.1.Final/arquillian-test-spi-1.9.1.Final.jar:/home/vinicius/.m2/repository/org/jboss/arquillian/core/arquillian-core-spi/1.9.1.Final/arquillian-core-spi-1.9.1.Final.jar:/home/vinicius/.m2/repository/org/jboss/arquillian/container/arquillian-container-test-api/1.9.1.Final/arquillian-container-test-api-1.9.1.Final.jar:/home/vinicius/.m2/repository/org/jboss/shrinkwrap/shrinkwrap-api/1.2.6/shrinkwrap-api-1.2.6.jar:/home/vinicius/.m2/repository/org/jboss/shrinkwrap/descriptors/shrinkwrap-descriptors-api-base/2.0.0/shrinkwrap-descriptors-api-base-2.0.0.jar:/home/vinicius/.m2/repository/org/jboss/arquillian/container/arquillian-container-test-spi/1.9.1.Final/arquillian-container-test-spi-1.9.1.Final.jar:/home/vinicius/.m2/repository/org/jboss/arquillian/core/arquillian-core-impl-base/1.9.1.Final/arquillian-core-impl-base-1.9.1.Final.jar:/home/vinicius/.m2/repository/org/jboss/arquillian/test/arquillian-test-impl-base/1.9.1.Final/arquillian-test-impl-base-1.9.1.Final.jar:/home/vinicius/.m2/repository/org/jboss/arquillian/container/arquillian-container-impl-base/1.9.1.Final/arquillian-container-impl-base-1.9.1.Final.jar:/home/vinicius/.m2/repository/org/jboss/arquillian/config/arquillian-config-api/1.9.1.Final/arquillian-config-api-1.9.1.Final.jar:/home/vinicius/.m2/repository/org/jboss/arquillian/config/arquillian-config-impl-base/1.9.1.Final/arquillian-config-impl-base-1.9.1.Final.jar:/home/vinicius/.m2/repository/org/jboss/arquillian/config/arquillian-config-spi/1.9.1.Final/arquillian-config-spi-1.9.1.Final.jar:/home/vinicius/.m2/repository/org/jboss/arquillian/container/arquillian-container-test-impl-base/1.9.1.Final/arquillian-container-test-impl-base-1.9.1.Final.jar:/home/vinicius/.m2/repository/org/jboss/arquillian/junit5/arquillian-junit5-core/1.9.1.Final/arquillian-junit5-core-1.9.1.Final.jar:/home/vinicius/.m2/repository/org/jboss/shrinkwrap/shrinkwrap-impl-base/1.2.6/shrinkwrap-impl-base-1.2.6.jar:/home/vinicius/.m2/repository/org/jboss/shrinkwrap/shrinkwrap-spi/1.2.6/shrinkwrap-spi-1.2.6.jar:/home/vinicius/.m2/repository/org/jboss/arquillian/protocol/arquillian-protocol-servlet-jakarta/10.0.0.Final/arquillian-protocol-servlet-jakarta-10.0.0.Final.jar:/home/vinicius/.m2/repository/org/jboss/arquillian/container/arquillian-container-spi/1.9.0.Final/arquillian-container-spi-1.9.0.Final.jar:/home/vinicius/.m2/repository/org/jboss/shrinkwrap/descriptors/shrinkwrap-descriptors-spi/2.0.0/shrinkwrap-descriptors-spi-2.0.0.jar:/home/vinicius/.m2/repository/org/wildfly/arquillian/wildfly-arquillian-container-managed/5.1.0.Beta6/wildfly-arquillian-container-managed-5.1.0.Beta6.jar:/home/vinicius/.m2/repository/org/wildfly/arquillian/wildfly-arquillian-common/5.1.0.Beta6/wildfly-arquillian-common-5.1.0.Beta6.jar:/home/vinicius/.m2/repository/org/jboss/arquillian/testenricher/arquillian-testenricher-cdi-jakarta/10.0.0.Final/arquillian-testenricher-cdi-jakarta-10.0.0.Final.jar:/home/vinicius/.m2/repository/org/jboss/arquillian/testenricher/arquillian-testenricher-ejb-jakarta/10.0.0.Final/arquillian-testenricher-ejb-jakarta-10.0.0.Final.jar:/home/vinicius/.m2/repository/org/jboss/arquillian/testenricher/arquillian-testenricher-initialcontext/1.9.1.Final/arquillian-testenricher-initialcontext-1.9.1.Final.jar:/home/vinicius/.m2/repository/org/jboss/arquillian/testenricher/arquillian-testenricher-resource-jakarta/10.0.0.Final/arquillian-testenricher-resource-jakarta-10.0.0.Final.jar:/home/vinicius/.m2/repository/org/wildfly/arquillian/wildfly-arquillian-testenricher-msc/5.1.0.Beta6/wildfly-arquillian-testenricher-msc-5.1.0.Beta6.jar:/home/vinicius/.m2/repository/org/jboss/msc/jboss-msc/1.5.5.Final/jboss-msc-1.5.5.Final.jar:/home/vinicius/.m2/repository/org/wildfly/core/wildfly-server/25.0.2.Final/wildfly-server-25.0.2.Final.jar:/home/vinicius/.m2/repository/org/wildfly/core/wildfly-controller/25.0.2.Final/wildfly-controller-25.0.2.Final.jar:/home/vinicius/.m2/repository/org/wildfly/core/wildfly-core-security/25.0.2.Final/wildfly-core-security-25.0.2.Final.jar:/home/vinicius/.m2/repository/org/wildfly/security/wildfly-elytron-credential-source-impl/2.6.0.Final/wildfly-elytron-credential-source-impl-2.6.0.Final.jar:/home/vinicius/.m2/repository/org/wildfly/security/wildfly-elytron-password-impl/2.6.0.Final/wildfly-elytron-password-impl-2.6.0.Final.jar:/home/vinicius/.m2/repository/org/wildfly/security/wildfly-elytron-x500-cert-acme/2.6.0.Final/wildfly-elytron-x500-cert-acme-2.6.0.Final.jar:/home/vinicius/.m2/repository/org/wildfly/security/wildfly-elytron-x500-cert/2.6.0.Final/wildfly-elytron-x500-cert-2.6.0.Final.jar:/home/vinicius/.m2/repository/org/wildfly/security/wildfly-elytron-x500-cert-util/2.6.0.Final/wildfly-elytron-x500-cert-util-2.6.0.Final.jar:/home/vinicius/.m2/repository/org/wildfly/core/wildfly-service/26.0.1.Final/wildfly-service-26.0.1.Final.jar:/home/vinicius/.m2/repository/org/jboss/logmanager/jboss-logmanager/2.1.19.Final/jboss-logmanager-2.1.19.Final.jar:/home/vinicius/.m2/repository/org/jboss/staxmapper/1.5.0.Final/staxmapper-1.5.0.Final.jar:/home/vinicius/.m2/repository/org/projectodd/vdx/vdx-wildfly/1.1.6/vdx-wildfly-1.1.6.jar:/home/vinicius/.m2/repository/org/projectodd/vdx/vdx-core/1.1.6/vdx-core-1.1.6.jar:/home/vinicius/.m2/repository/org/yaml/snakeyaml/2.2/snakeyaml-2.2.jar:/home/vinicius/.m2/repository/org/wildfly/core/wildfly-core-management-client/25.0.2.Final/wildfly-core-management-client-25.0.2.Final.jar:/home/vinicius/.m2/repository/org/wildfly/core/wildfly-domain-http-interface/25.0.2.Final/wildfly-domain-http-interface-25.0.2.Final.jar:/home/vinicius/.m2/repository/org/wildfly/core/wildfly-domain-management/25.0.2.Final/wildfly-domain-management-25.0.2.Final.jar:/home/vinicius/.m2/repository/org/wildfly/security/wildfly-elytron-http-util/2.6.0.Final/wildfly-elytron-http-util-2.6.0.Final.jar:/home/vinicius/.m2/repository/org/wildfly/security/wildfly-elytron-sasl-digest/2.6.0.Final/wildfly-elytron-sasl-digest-2.6.0.Final.jar:/home/vinicius/.m2/repository/org/wildfly/security/wildfly-elytron-mechanism-digest/2.6.0.Final/wildfly-elytron-mechanism-digest-2.6.0.Final.jar:/home/vinicius/.m2/repository/org/wildfly/security/wildfly-elytron-http/2.6.0.Final/wildfly-elytron-http-2.6.0.Final.jar:/home/vinicius/.m2/repository/org/wildfly/security/elytron-web/undertow-server/4.1.0.Final/undertow-server-4.1.0.Final.jar:/home/vinicius/.m2/repository/org/wildfly/core/wildfly-deployment-repository/25.0.2.Final/wildfly-deployment-repository-25.0.2.Final.jar:/home/vinicius/.m2/repository/org/wildfly/core/wildfly-platform-mbean/25.0.2.Final/wildfly-platform-mbean-25.0.2.Final.jar:/home/vinicius/.m2/repository/org/wildfly/core/wildfly-process-controller/25.0.2.Final/wildfly-process-controller-25.0.2.Final.jar:/home/vinicius/.m2/repository/org/wildfly/core/wildfly-remoting/25.0.2.Final/wildfly-remoting-25.0.2.Final.jar:/home/vinicius/.m2/repository/org/wildfly/core/wildfly-io-spi/25.0.2.Final/wildfly-io-spi-25.0.2.Final.jar:/home/vinicius/.m2/repository/org/wildfly/security/wildfly-elytron-audit/2.6.0.Final/wildfly-elytron-audit-2.6.0.Final.jar:/home/vinicius/.m2/repository/org/wildfly/security/wildfly-elytron-auth-server-http/2.6.0.Final/wildfly-elytron-auth-server-http-2.6.0.Final.jar:/home/vinicius/.m2/repository/org/wildfly/security/wildfly-elytron-auth-server-sasl/2.6.0.Final/wildfly-elytron-auth-server-sasl-2.6.0.Final.jar:/home/vinicius/.m2/repository/org/wildfly/security/wildfly-elytron-auth-util/2.6.0.Final/wildfly-elytron-auth-util-2.6.0.Final.jar:/home/vinicius/.m2/repository/org/wildfly/core/wildfly-network/25.0.2.Final/wildfly-network-25.0.2.Final.jar:/home/vinicius/.m2/repository/org/wildfly/security/wildfly-elytron-auth-server/2.6.0.Final/wildfly-elytron-auth-server-2.6.0.Final.jar:/home/vinicius/.m2/repository/org/wildfly/security/wildfly-elytron-x500/2.6.0.Final/wildfly-elytron-x500-2.6.0.Final.jar:/home/vinicius/.m2/repository/org/wildfly/security/wildfly-elytron-client/2.6.0.Final/wildfly-elytron-client-2.6.0.Final.jar:/home/vinicius/.m2/repository/org/wildfly/security/wildfly-elytron-credential-store/2.6.0.Final/wildfly-elytron-credential-store-2.6.0.Final.jar:/home/vinicius/.m2/repository/org/wildfly/security/wildfly-elytron-keystore/2.6.0.Final/wildfly-elytron-keystore-2.6.0.Final.jar:/home/vinicius/.m2/repository/org/wildfly/security/wildfly-elytron-mechanism/2.6.0.Final/wildfly-elytron-mechanism-2.6.0.Final.jar:/home/vinicius/.m2/repository/org/wildfly/security/wildfly-elytron-mechanism-gssapi/2.6.0.Final/wildfly-elytron-mechanism-gssapi-2.6.0.Final.jar:/home/vinicius/.m2/repository/org/wildfly/security/wildfly-elytron-provider-util/2.6.0.Final/wildfly-elytron-provider-util-2.6.0.Final.jar:/home/vinicius/.m2/repository/org/wildfly/security/wildfly-elytron-ssh-util/2.6.0.Final/wildfly-elytron-ssh-util-2.6.0.Final.jar:/home/vinicius/.m2/repository/org/wildfly/security/wildfly-elytron-credential/2.6.0.Final/wildfly-elytron-credential-2.6.0.Final.jar:/home/vinicius/.m2/repository/org/wildfly/security/wildfly-elytron-asn1/2.6.0.Final/wildfly-elytron-asn1-2.6.0.Final.jar:/home/vinicius/.m2/repository/org/wildfly/security/wildfly-elytron-security-manager-action/2.6.0.Final/wildfly-elytron-security-manager-action-2.6.0.Final.jar:/home/vinicius/.m2/repository/org/wildfly/core/wildfly-version/25.0.2.Final/wildfly-version-25.0.2.Final.jar:/home/vinicius/.m2/repository/org/jboss/classfilewriter/jboss-classfilewriter/1.3.1.Final/jboss-classfilewriter-1.3.1.Final.jar:/home/vinicius/.m2/repository/org/jboss/invocation/jboss-invocation/2.0.1.Final/jboss-invocation-2.0.1.Final.jar:/home/vinicius/.m2/repository/org/jboss/modules/jboss-modules/2.1.5.Final/jboss-modules-2.1.5.Final.jar:/home/vinicius/.m2/repository/org/jboss/remoting/jboss-remoting/5.0.29.Final/jboss-remoting-5.0.29.Final.jar:/home/vinicius/.m2/repository/org/wildfly/security/wildfly-elytron-sasl-auth-util/2.6.0.Final/wildfly-elytron-sasl-auth-util-2.6.0.Final.jar:/home/vinicius/.m2/repository/org/jboss/stdio/jboss-stdio/1.1.0.Final/jboss-stdio-1.1.0.Final.jar:/home/vinicius/.m2/repository/org/jboss/jboss-vfs/3.3.2.Final/jboss-vfs-3.3.2.Final.jar:/home/vinicius/.m2/repository/io/undertow/undertow-core/2.3.18.Final/undertow-core-2.3.18.Final.jar:/home/vinicius/.m2/repository/org/eclipse/jgit/org.eclipse.jgit.ssh.apache/6.8.0.202311291450-r/org.eclipse.jgit.ssh.apache-6.8.0.202311291450-r.jar:/home/vinicius/.m2/repository/org/eclipse/jgit/org.eclipse.jgit/6.8.0.202311291450-r/org.eclipse.jgit-6.8.0.202311291450-r.jar:/home/vinicius/.m2/repository/com/googlecode/javaewah/JavaEWAH/1.2.3/JavaEWAH-1.2.3.jar:/home/vinicius/.m2/repository/org/apache/sshd/sshd-common/2.13.2/sshd-common-2.13.2.jar:/home/vinicius/.m2/repository/org/slf4j/slf4j-api/2.0.16/slf4j-api-2.0.16.jar:/home/vinicius/.m2/repository/org/apache/sshd/sshd-core/2.12.1/sshd-core-2.12.1.jar:/home/vinicius/.m2/repository/org/wildfly/core/wildfly-controller-client/25.0.2.Final/wildfly-controller-client-25.0.2.Final.jar:/home/vinicius/.m2/repository/org/wildfly/core/wildfly-protocol/25.0.2.Final/wildfly-protocol-25.0.2.Final.jar:/home/vinicius/.m2/repository/org/wildfly/security/wildfly-elytron-auth-server-deprecated/2.6.0.Final/wildfly-elytron-auth-server-deprecated-2.6.0.Final.jar:/home/vinicius/.m2/repository/org/wildfly/security/wildfly-elytron-permission/2.6.0.Final/wildfly-elytron-permission-2.6.0.Final.jar:/home/vinicius/.m2/repository/org/wildfly/security/wildfly-elytron-sasl/2.6.0.Final/wildfly-elytron-sasl-2.6.0.Final.jar:/home/vinicius/.m2/repository/org/wildfly/security/wildfly-elytron-ssl/2.6.0.Final/wildfly-elytron-ssl-2.6.0.Final.jar:/home/vinicius/.m2/repository/org/wildfly/security/wildfly-elytron-sasl-anonymous/2.6.0.Final/wildfly-elytron-sasl-anonymous-2.6.0.Final.jar:/home/vinicius/.m2/repository/org/wildfly/security/wildfly-elytron-sasl-localuser/2.6.0.Final/wildfly-elytron-sasl-localuser-2.6.0.Final.jar:/home/vinicius/.m2/repository/org/wildfly/security/wildfly-elytron-realm/2.6.0.Final/wildfly-elytron-realm-2.6.0.Final.jar:/home/vinicius/.m2/repository/org/wildfly/security/wildfly-elytron-encryption/2.6.0.Final/wildfly-elytron-encryption-2.6.0.Final.jar:/home/vinicius/.m2/repository/org/jboss/xnio/xnio-api/3.8.16.Final/xnio-api-3.8.16.Final.jar:/home/vinicius/.m2/repository/org/jboss/xnio/xnio-nio/3.8.16.Final/xnio-nio-3.8.16.Final.jar:/home/vinicius/.m2/repository/org/jboss/jboss-dmr/1.7.0.Final/jboss-dmr-1.7.0.Final.jar:/home/vinicius/.m2/repository/org/jboss/threads/jboss-threads/2.4.0.Final/jboss-threads-2.4.0.Final.jar:/home/vinicius/.m2/repository/org/wildfly/security/wildfly-elytron-auth/2.6.0.Final/wildfly-elytron-auth-2.6.0.Final.jar:/home/vinicius/.m2/repository/org/wildfly/security/wildfly-elytron-util/2.6.0.Final/wildfly-elytron-util-2.6.0.Final.jar:/home/vinicius/.m2/repository/org/wildfly/security/wildfly-elytron-base/2.6.0.Final/wildfly-elytron-base-2.6.0.Final.jar:/home/vinicius/.m2/repository/org/wildfly/security/wildfly-elytron-security-manager/2.6.0.Final/wildfly-elytron-security-manager-2.6.0.Final.jar:/home/vinicius/.m2/repository/org/jboss/shrinkwrap/descriptors/shrinkwrap-descriptors-impl-base/2.0.0/shrinkwrap-descriptors-impl-base-2.0.0.jar:/home/vinicius/.m2/repository/org/wildfly/arquillian/wildfly-testing-tools/5.1.0.Beta6/wildfly-testing-tools-5.1.0.Beta6.jar:/home/vinicius/.m2/repository/org/wildfly/plugins/wildfly-plugin-tools/1.2.0.Beta1/wildfly-plugin-tools-1.2.0.Beta1.jar:/home/vinicius/.m2/repository/org/jboss/logging/jboss-logging/3.6.1.Final/jboss-logging-3.6.1.Final.jar:/home/vinicius/.m2/repository/org/jboss/remotingjmx/remoting-jmx/3.1.0.Final/remoting-jmx-3.1.0.Final.jar:/home/vinicius/.m2/repository/org/jboss/marshalling/jboss-marshalling/2.1.1.Final/jboss-marshalling-2.1.1.Final.jar:/home/vinicius/.m2/repository/org/jboss/marshalling/jboss-marshalling-river/2.1.1.Final/jboss-marshalling-river-2.1.1.Final.jar:/home/vinicius/.m2/repository/org/wildfly/client/wildfly-client-config/1.0.1.Final/wildfly-client-config-1.0.1.Final.jar:/home/vinicius/.m2/repository/org/wildfly/common/wildfly-common/1.7.0.Final/wildfly-common-1.7.0.Final.jar:/home/vinicius/.m2/repository/org/wildfly/core/wildfly-launcher/25.0.2.Final/wildfly-launcher-25.0.2.Final.jar:/home/vinicius/.m2/repository/org/jboss/arquillian/core/arquillian-core-api/1.9.1.Final/arquillian-core-api-1.9.1.Final.jar:/home/vinicius/.m2/repository/org/jboss/resteasy/resteasy-client/6.2.11.Final/resteasy-client-6.2.11.Final.jar:/home/vinicius/.m2/repository/org/jboss/resteasy/resteasy-client-api/6.2.11.Final/resteasy-client-api-6.2.11.Final.jar:/home/vinicius/.m2/repository/org/jboss/resteasy/resteasy-core-spi/6.2.11.Final/resteasy-core-spi-6.2.11.Final.jar:/home/vinicius/.m2/repository/jakarta/validation/jakarta.validation-api/3.0.2/jakarta.validation-api-3.0.2.jar:/home/vinicius/.m2/repository/org/jboss/resteasy/resteasy-core/6.2.11.Final/resteasy-core-6.2.11.Final.jar:/home/vinicius/.m2/repository/org/jboss/jandex/2.4.5.Final/jandex-2.4.5.Final.jar:/home/vinicius/.m2/repository/jakarta/activation/jakarta.activation-api/2.1.3/jakarta.activation-api-2.1.3.jar:/home/vinicius/.m2/repository/org/eclipse/angus/angus-activation/2.0.2/angus-activation-2.0.2.jar:/home/vinicius/.m2/repository/com/ibm/async/asyncutil/0.1.0/asyncutil-0.1.0.jar:/home/vinicius/.m2/repository/org/apache/httpcomponents/httpclient/4.5.14/httpclient-4.5.14.jar:/home/vinicius/.m2/repository/org/apache/httpcomponents/httpcore/4.4.16/httpcore-4.4.16.jar:/home/vinicius/.m2/repository/commons-codec/commons-codec/1.17.1/commons-codec-1.17.1.jar:/home/vinicius/.m2/repository/org/reactivestreams/reactive-streams/1.0.4/reactive-streams-1.0.4.jar:/home/vinicius/.m2/repository/org/jboss/logging/commons-logging-jboss-logging/1.0.0.Final/commons-logging-jboss-logging-1.0.0.Final.jar:/home/vinicius/.m2/repository/org/glassfish/javax.faces/2.3.9/javax.faces-2.3.9.jar:/home/vinicius/.m2/repository/org/primefaces/primefaces/12.0.0/primefaces-12.0.0.jar:/home/vinicius/.m2/repository/org/hibernate/orm/hibernate-core/6.6.4.Final/hibernate-core-6.6.4.Final.jar:/home/vinicius/.m2/repository/jakarta/transaction/jakarta.transaction-api/2.0.1/jakarta.transaction-api-2.0.1.jar:/home/vinicius/.m2/repository/org/hibernate/common/hibernate-commons-annotations/7.0.1.Final/hibernate-commons-annotations-7.0.1.Final.jar:/home/vinicius/.m2/repository/io/smallrye/jandex/3.2.2/jandex-3.2.2.jar:/home/vinicius/.m2/repository/com/fasterxml/classmate/1.5.1/classmate-1.5.1.jar:/home/vinicius/.m2/repository/net/bytebuddy/byte-buddy/1.14.18/byte-buddy-1.14.18.jar:/home/vinicius/.m2/repository/jakarta/xml/bind/jakarta.xml.bind-api/4.0.2/jakarta.xml.bind-api-4.0.2.jar:/home/vinicius/.m2/repository/org/glassfish/jaxb/jaxb-runtime/4.0.5/jaxb-runtime-4.0.5.jar:/home/vinicius/.m2/repository/org/glassfish/jaxb/jaxb-core/4.0.5/jaxb-core-4.0.5.jar:/home/vinicius/.m2/repository/org/glassfish/jaxb/txw2/4.0.5/txw2-4.0.5.jar:/home/vinicius/.m2/repository/com/sun/istack/istack-commons-runtime/4.1.2/istack-commons-runtime-4.1.2.jar:/home/vinicius/.m2/repository/org/antlr/antlr4-runtime/4.13.0/antlr4-runtime-4.13.0.jar:/home/vinicius/.m2/repository/jakarta/persistence/jakarta.persistence-api/3.1.0/jakarta.persistence-api-3.1.0.jar:/home/vinicius/.m2/repository/jakarta/inject/jakarta.inject-api/2.0.0/jakarta.inject-api-2.0.0.jar:"/>
    <property name="sun.cpu.endian" value="little"/>
    <property name="user.home" value="/home/vinicius"/>
    <property name="env.JOURNAL_STREAM" value="8:26798"/>
    <property name="user.language" value="pt"/>
    <property name="env.WAYLAND_DISPLAY" value="wayland-0"/>
    <property name="env.INVOCATION_ID" value="a1eca3cb48674a3bb9f14cfa68524f36"/>
    <property name="surefire.real.class.path" value="/home/vinicius/IdeaProjects/cadastro-InfoTera17/getting-started/target/surefire/surefirebooter-20241227043330354_3.jar"/>
    <property name="env.XDG_MENU_PREFIX" value="gnome-"/>
    <property name="env.DBUS_SESSION_BUS_ADDRESS" value="unix:path=/run/user/1000/bus"/>
    <property name="env.SNAP_COMMON" value="/var/snap/intellij-idea-community/common"/>
    <property name="stdout.encoding" value="UTF-8"/>
    <property name="path.separator" value=":"/>
    <property name="os.version" value="6.8.0-51-generic"/>
    <property name="java.runtime.name" value="OpenJDK Runtime Environment"/>
    <property name="env.GIO_LAUNCHED_DESKTOP_FILE_PID" value="43218"/>
    <property name="env.GJS_DEBUG_TOPICS" value="JS ERROR;JS LOG"/>
    <property name="sun.nio.ch.bugLevel" value=""/>
    <property name="java.vm.name" value="OpenJDK 64-Bit Server VM"/>
    <property name="env.SNAP_NAME" value="intellij-idea-community"/>
    <property name="env.SHELL" value="/bin/bash"/>
    <property name="env.GTK_MODULES" value="gail:atk-bridge"/>
    <property name="java.vendor.url.bug" value="https://bugs.launchpad.net/ubuntu/+source/openjdk-21"/>
    <property name="env.XDG_CONFIG_DIRS" value="/etc/xdg/xdg-ubuntu:/etc/xdg"/>
    <property name="env.SNAP" value="/snap/intellij-idea-community/560"/>
    <property name="user.dir" value="/home/vinicius/IdeaProjects/cadastro-InfoTera17/getting-started"/>
    <property name="os.arch" value="amd64"/>
    <property name="env.USERNAME" value="vinicius"/>
    <property name="env.MEMORY_PRESSURE_WATCH" value="/sys/fs/cgroup/user.slice/user-1000.slice/user@1000.service/session.slice/org.gnome.Shell@wayland.service/memory.pressure"/>
    <property name="env.BAMF_DESKTOP_FILE_HINT" value="/var/lib/snapd/desktop/applications/intellij-idea-community_intellij-idea-community.desktop"/>
    <property name="env.XDG_CURRENT_DESKTOP" value="ubuntu:GNOME"/>
    <property name="env.DESKTOP_SESSION" value="ubuntu"/>
    <property name="java.util.logging.manager" value="org.jboss.logmanager.LogManager"/>
    <property name="java.vm.info" value="mixed mode, sharing"/>
    <property name="java.vm.version" value="21.0.5+11-Ubuntu-1ubuntu124.04"/>
    <property name="env.SYSTEMD_EXEC_PID" value="2538"/>
    <property name="java.class.version" value="65.0"/>
    <property name="env.GNOME_SHELL_SESSION_MODE" value="ubuntu"/>
    <property name="env.SNAP_DATA" value="/var/snap/intellij-idea-community/560"/>
    <property name="env.USER" value="vinicius"/>
  </properties>
  <testcase name="testHelloEndpoint" classname="org.wildfly.cadastroInfotera17.GettingStartedApplicationIT" time="0.194">
    <failure message="expected: &lt;200&gt; but was: &lt;404&gt;" type="org.opentest4j.AssertionFailedError"><![CDATA[org.opentest4j.AssertionFailedError: expected: <200> but was: <404>
	at org.junit.jupiter.api.AssertionFailureBuilder.build(AssertionFailureBuilder.java:151)
	at org.junit.jupiter.api.AssertionFailureBuilder.buildAndThrow(AssertionFailureBuilder.java:132)
	at org.junit.jupiter.api.AssertEquals.failNotEqual(AssertEquals.java:197)
	at org.junit.jupiter.api.AssertEquals.assertEquals(AssertEquals.java:150)
	at org.junit.jupiter.api.AssertEquals.assertEquals(AssertEquals.java:145)
	at org.junit.jupiter.api.Assertions.assertEquals(Assertions.java:531)
	at org.wildfly.cadastroInfotera17.GettingStartedApplicationIT.testHelloEndpoint(GettingStartedApplicationIT.java:31)
	at java.base/java.lang.reflect.Method.invoke(Method.java:580)
	at org.jboss.arquillian.junit5.ArquillianExtension$1.invoke(ArquillianExtension.java:169)
	at org.jboss.arquillian.container.test.impl.execution.LocalTestExecuter.execute(LocalTestExecuter.java:58)
	at java.base/java.lang.reflect.Method.invoke(Method.java:580)
	at org.jboss.arquillian.core.impl.ObserverImpl.invoke(ObserverImpl.java:86)
	at org.jboss.arquillian.core.impl.EventContextImpl.invokeObservers(EventContextImpl.java:103)
	at org.jboss.arquillian.core.impl.EventContextImpl.proceed(EventContextImpl.java:90)
	at org.jboss.arquillian.core.impl.ManagerImpl.fire(ManagerImpl.java:134)
	at org.jboss.arquillian.core.impl.ManagerImpl.fire(ManagerImpl.java:106)
	at org.jboss.arquillian.core.impl.EventImpl.fire(EventImpl.java:62)
	at org.jboss.arquillian.container.test.impl.execution.ClientTestExecuter.execute(ClientTestExecuter.java:50)
	at java.base/java.lang.reflect.Method.invoke(Method.java:580)
	at org.jboss.arquillian.core.impl.ObserverImpl.invoke(ObserverImpl.java:86)
	at org.jboss.arquillian.core.impl.EventContextImpl.invokeObservers(EventContextImpl.java:103)
	at org.jboss.arquillian.core.impl.EventContextImpl.proceed(EventContextImpl.java:90)
	at org.jboss.arquillian.container.test.impl.client.ContainerEventController.createContext(ContainerEventController.java:128)
	at org.jboss.arquillian.container.test.impl.client.ContainerEventController.createTestContext(ContainerEventController.java:118)
	at java.base/java.lang.reflect.Method.invoke(Method.java:580)
	at org.jboss.arquillian.core.impl.ObserverImpl.invoke(ObserverImpl.java:86)
	at org.jboss.arquillian.core.impl.EventContextImpl.proceed(EventContextImpl.java:95)
	at org.jboss.arquillian.test.impl.TestContextHandler.createTestContext(TestContextHandler.java:116)
	at java.base/java.lang.reflect.Method.invoke(Method.java:580)
	at org.jboss.arquillian.core.impl.ObserverImpl.invoke(ObserverImpl.java:86)
	at org.jboss.arquillian.core.impl.EventContextImpl.proceed(EventContextImpl.java:95)
	at org.jboss.arquillian.test.impl.TestContextHandler.createClassContext(TestContextHandler.java:83)
	at java.base/java.lang.reflect.Method.invoke(Method.java:580)
	at org.jboss.arquillian.core.impl.ObserverImpl.invoke(ObserverImpl.java:86)
	at org.jboss.arquillian.core.impl.EventContextImpl.proceed(EventContextImpl.java:95)
	at org.jboss.arquillian.test.impl.TestContextHandler.createSuiteContext(TestContextHandler.java:69)
	at java.base/java.lang.reflect.Method.invoke(Method.java:580)
	at org.jboss.arquillian.core.impl.ObserverImpl.invoke(ObserverImpl.java:86)
	at org.jboss.arquillian.core.impl.EventContextImpl.proceed(EventContextImpl.java:95)
	at org.jboss.arquillian.core.impl.ManagerImpl.fire(ManagerImpl.java:134)
	at org.jboss.arquillian.test.impl.EventTestRunnerAdaptor.test(EventTestRunnerAdaptor.java:139)
	at org.jboss.arquillian.junit5.ArquillianExtension.interceptInvocation(ArquillianExtension.java:149)
	at org.jboss.arquillian.junit5.ArquillianExtension.interceptTestMethod(ArquillianExtension.java:89)
	at java.base/java.util.ArrayList.forEach(ArrayList.java:1596)
	at java.base/java.util.ArrayList.forEach(ArrayList.java:1596)
]]></failure>
  </testcase>
</testsuite>